<?xml version="1.0" encoding="UTF-8"?>
<!-- Generated by org.testng.reporters.JUnitReportReporter -->
<testsuite skipped="0" hostname="E0463941" name="Tests.registerationTests.checkUserRegisteration" tests="1" failures="0" timestamp="20 Aug 2022 06:50:34 GMT" time="12.113" errors="0">
  <testcase name="checkUserRegistrationWithValidData" time="12.113" classname="Tests.registerationTests.checkUserRegisteration"/>
</testsuite> <!-- Tests.registerationTests.checkUserRegisteration -->
