<?xml version="1.0" encoding="UTF-8"?>
<!-- Generated by org.testng.reporters.JUnitReportReporter -->
<testsuite skipped="0" hostname="E0463941" name="Tests.LoginTests.checkLoginwithValidUserNameAndPassword" tests="1" failures="0" timestamp="19 Aug 2022 21:22:12 GMT" time="4.902" errors="0">
  <testcase name="checkLoginwithValidUserNameAndPassword" time="4.902" classname="Tests.LoginTests.checkLoginwithValidUserNameAndPassword"/>
</testsuite> <!-- Tests.LoginTests.checkLoginwithValidUserNameAndPassword -->
