<?xml version="1.0" encoding="UTF-8"?>
<!-- Generated by org.testng.reporters.JUnitReportReporter -->
<testsuite skipped="0" hostname="E0463941" name="Tests.LoginTests.checkLoginwithValidUserNameAndPassword" tests="1" failures="0" timestamp="19 Aug 2022 10:10:17 GMT" time="9.116" errors="0">
  <testcase name="checkLoginwithValidUserNameAndPassword" time="9.116" classname="Tests.LoginTests.checkLoginwithValidUserNameAndPassword"/>
</testsuite> <!-- Tests.LoginTests.checkLoginwithValidUserNameAndPassword -->
